
  .   ____          _            __ _ _
 /\\ / ___'_ __ _ _(_)_ __  __ _ \ \ \ \
( ( )\___ | '_ | '_| | '_ \/ _` | \ \ \ \
 \\/  ___)| |_)| | | | | || (_| |  ) ) ) )
  '  |____| .__|_| |_|_| |_\__, | / / / /
 =========|_|==============|___/=/_/_/_/

 :: Spring Boot ::                (v3.5.8)

2025-12-06T20:42:44.314+05:30  INFO 5336 --- [chat-service] [           main] c.r.chatservice.ChatServiceApplication   : Starting ChatServiceApplication v1.0.0 using Java 17.0.12 with PID 5336 (C:\Users\ramee\Downloads\RevHubTeam7final\RevHub\microservices\chat-service\target\chat-service-1.0.0.jar started by ramee in c:\Users\ramee\Downloads\RevHubTeam7final\RevHub\microservices\chat-service)
2025-12-06T20:42:44.320+05:30 DEBUG 5336 --- [chat-service] [           main] c.r.chatservice.ChatServiceApplication   : Running with Spring Boot v3.5.8, Spring v6.2.14
2025-12-06T20:42:44.322+05:30  INFO 5336 --- [chat-service] [           main] c.r.chatservice.ChatServiceApplication   : No active profile set, falling back to 1 default profile: "default"
2025-12-06T20:42:47.517+05:30  INFO 5336 --- [chat-service] [           main] .s.d.r.c.RepositoryConfigurationDelegate : Bootstrapping Spring Data MongoDB repositories in DEFAULT mode.
2025-12-06T20:42:47.646+05:30  INFO 5336 --- [chat-service] [           main] .s.d.r.c.RepositoryConfigurationDelegate : Finished Spring Data repository scanning in 109 ms. Found 2 MongoDB repository interfaces.
2025-12-06T20:42:48.825+05:30  INFO 5336 --- [chat-service] [           main] o.s.b.w.embedded.tomcat.TomcatWebServer  : Tomcat initialized with port 8086 (http)
2025-12-06T20:42:48.847+05:30  INFO 5336 --- [chat-service] [           main] o.apache.catalina.core.StandardService   : Starting service [Tomcat]
2025-12-06T20:42:48.847+05:30  INFO 5336 --- [chat-service] [           main] o.apache.catalina.core.StandardEngine    : Starting Servlet engine: [Apache Tomcat/10.1.49]
2025-12-06T20:42:48.921+05:30  INFO 5336 --- [chat-service] [           main] o.a.c.c.C.[Tomcat].[localhost].[/]       : Initializing Spring embedded WebApplicationContext
2025-12-06T20:42:48.924+05:30  INFO 5336 --- [chat-service] [           main] w.s.c.ServletWebServerApplicationContext : Root WebApplicationContext: initialization completed in 4489 ms
2025-12-06T20:42:49.971+05:30  INFO 5336 --- [chat-service] [           main] org.mongodb.driver.client                : MongoClient with metadata {"driver": {"name": "mongo-java-driver|sync|spring-boot", "version": "5.5.2"}, "os": {"type": "Windows", "name": "Windows 10", "architecture": "amd64", "version": "10.0"}, "platform": "Java/Oracle Corporation/17.0.12+8-LTS-286"} created with settings MongoClientSettings{readPreference=primary, writeConcern=WriteConcern{w=null, wTimeout=null ms, journal=null}, retryWrites=true, retryReads=true, readConcern=ReadConcern{level=null}, credential=null, transportSettings=null, commandListeners=[io.micrometer.core.instrument.binder.mongodb.MongoMetricsCommandListener@6da54910], codecRegistry=ProvidersCodecRegistry{codecProviders=[ValueCodecProvider{}, BsonValueCodecProvider{}, DBRefCodecProvider{}, DBObjectCodecProvider{}, DocumentCodecProvider{}, CollectionCodecProvider{}, IterableCodecProvider{}, MapCodecProvider{}, GeoJsonCodecProvider{}, GridFSFileCodecProvider{}, Jsr310CodecProvider{}, JsonObjectCodecProvider{}, BsonCodecProvider{}, EnumCodecProvider{}, com.mongodb.client.model.mql.ExpressionCodecProvider@1bd8afc8, com.mongodb.Jep395RecordCodecProvider@24134cbc, com.mongodb.KotlinCodecProvider@65da01f4]}, loggerSettings=LoggerSettings{maxDocumentLength=1000}, clusterSettings={hosts=[localhost:27017], srvServiceName=mongodb, mode=SINGLE, requiredClusterType=UNKNOWN, requiredReplicaSetName='null', serverSelector='null', clusterListeners='[]', serverSelectionTimeout='30000 ms', localThreshold='15 ms'}, socketSettings=SocketSettings{connectTimeoutMS=10000, readTimeoutMS=0, receiveBufferSize=0, proxySettings=ProxySettings{host=null, port=null, username=null, password=null}}, heartbeatSocketSettings=SocketSettings{connectTimeoutMS=10000, readTimeoutMS=10000, receiveBufferSize=0, proxySettings=ProxySettings{host=null, port=null, username=null, password=null}}, connectionPoolSettings=ConnectionPoolSettings{maxSize=100, minSize=0, maxWaitTimeMS=120000, maxConnectionLifeTimeMS=0, maxConnectionIdleTimeMS=0, maintenanceInitialDelayMS=0, maintenanceFrequencyMS=60000, connectionPoolListeners=[io.micrometer.core.instrument.binder.mongodb.MongoMetricsConnectionPoolListener@22f02996], maxConnecting=2}, serverSettings=ServerSettings{heartbeatFrequencyMS=10000, minHeartbeatFrequencyMS=500, serverMonitoringMode=AUTO, serverListeners='[]', serverMonitorListeners='[]'}, sslSettings=SslSettings{enabled=false, invalidHostNameAllowed=false, context=null}, applicationName='null', compressorList=[], uuidRepresentation=JAVA_LEGACY, serverApi=null, autoEncryptionSettings=null, dnsClient=null, inetAddressResolver=null, contextProvider=null, timeoutMS=null}
2025-12-06T20:42:50.021+05:30  INFO 5336 --- [chat-service] [localhost:27017] org.mongodb.driver.cluster               : Monitor thread successfully connected to server with description ServerDescription{address=localhost:27017, type=STANDALONE, cryptd=false, state=CONNECTED, ok=true, minWireVersion=0, maxWireVersion=27, maxDocumentSize=16777216, logicalSessionTimeoutMinutes=30, roundTripTimeNanos=130542600, minRoundTripTimeNanos=0}
2025-12-06T20:42:51.170+05:30 DEBUG 5336 --- [chat-service] [           main] o.s.w.s.s.s.WebSocketHandlerMapping      : Patterns [/ws/chat/**, /ws/chat] in 'stompWebSocketHandlerMapping'
2025-12-06T20:42:51.305+05:30 DEBUG 5336 --- [chat-service] [           main] .WebSocketAnnotationMethodMessageHandler : 
	c.r.c.c.ChatController:
	
2025-12-06T20:42:51.322+05:30 DEBUG 5336 --- [chat-service] [           main] .WebSocketAnnotationMethodMessageHandler : 
	c.r.c.w.ChatWebSocketController:
	{[MESSAGE],[/chat.send]}: sendMessage(ChatMessageRequest,Principal)
	{[MESSAGE],[/chat.typing]}: userTyping(ChatTypingEvent,Principal)
	{[MESSAGE],[/chat.join]}: joinConversation(String,Principal)
2025-12-06T20:42:51.340+05:30 DEBUG 5336 --- [chat-service] [           main] .WebSocketAnnotationMethodMessageHandler : 
	o.s.b.a.w.s.e.BasicErrorController:
	
2025-12-06T20:42:52.233+05:30  INFO 5336 --- [chat-service] [           main] o.s.b.a.e.web.EndpointLinksResolver      : Exposing 3 endpoints beneath base path '/actuator'
2025-12-06T20:42:52.337+05:30  INFO 5336 --- [chat-service] [           main] o.s.m.s.b.SimpleBrokerMessageHandler     : Starting...
2025-12-06T20:42:52.342+05:30  INFO 5336 --- [chat-service] [           main] o.s.m.s.b.SimpleBrokerMessageHandler     : BrokerAvailabilityEvent[available=true, SimpleBrokerMessageHandler [org.springframework.messaging.simp.broker.DefaultSubscriptionRegistry@71316cd7]]
2025-12-06T20:42:52.343+05:30  INFO 5336 --- [chat-service] [           main] o.s.m.s.b.SimpleBrokerMessageHandler     : Started.
2025-12-06T20:42:52.394+05:30  INFO 5336 --- [chat-service] [           main] o.s.b.w.embedded.tomcat.TomcatWebServer  : Tomcat started on port 8086 (http) with context path '/'
2025-12-06T20:42:52.438+05:30  INFO 5336 --- [chat-service] [           main] c.r.chatservice.ChatServiceApplication   : Started ChatServiceApplication in 9.585 seconds (process running for 10.905)
2025-12-06T20:43:52.325+05:30  INFO 5336 --- [chat-service] [MessageBroker-1] o.s.w.s.c.WebSocketMessageBrokerStats    : WebSocketSession[0 current WS(0)-HttpStream(0)-HttpPoll(0), 0 total, 0 closed abnormally (0 connect failure, 0 send limit, 0 transport error)], stompSubProtocol[processed CONNECT(0)-CONNECTED(0)-DISCONNECT(0)], stompBrokerRelay[null], inboundChannel[pool size = 0, active threads = 0, queued tasks = 0, completed tasks = 0], outboundChannel[pool size = 0, active threads = 0, queued tasks = 0, completed tasks = 0], sockJsScheduler[pool size = 1, active threads = 1, queued tasks = 0, completed tasks = 0]
